
[2024-12-21T10:39:24.430Z] [debug] Registering session with the Garden dashboard for 255825ae-35a0-41b3-9e8b-e2300f2acd58 in remote/vote-demo-quickstart-hoid.

[2024-12-21T10:39:24.547Z] [debug] Successfully registered session with the Garden dashboard.

[2024-12-21T10:39:24.548Z] View command results at: https://app.garden.io/go/command/5UkScC8Y0m

[2024-12-21T10:39:24.556Z] Resolving providers...

[2024-12-21T10:39:24.746Z] Configuring provider...

[2024-12-21T10:39:24.747Z] [debug] Configuring provider...

[2024-12-21T10:39:24.748Z] [debug] Configuring provider...

[2024-12-21T10:39:24.753Z] Provider configured

[2024-12-21T10:39:24.754Z] [debug] Provider configured

[2024-12-21T10:39:24.754Z] [debug] Provider configured

[2024-12-21T10:39:24.762Z] [debug] Provider status cached

[2024-12-21T10:39:24.763Z] [verbose] resolve provider templated is ready.

[2024-12-21T10:39:24.764Z] Provider status cached

[2024-12-21T10:39:24.764Z] [verbose] resolve provider exec is ready.

[2024-12-21T10:39:24.765Z] [debug] Provider status cached

[2024-12-21T10:39:24.765Z] [verbose] resolve provider container is ready.

[2024-12-21T10:39:24.766Z] Configuring provider...

[2024-12-21T10:39:24.768Z] You are using a remote Kubernetes cluster and did not configure a 'deploymentRegistry' in the kubernetes provider section of the project configuration.

For guidance in setting up remote Kubernetes clusters please refer to https://docs.garden.io/kubernetes-plugins/remote-k8s

[2024-12-21T10:39:24.768Z] Provider configured

[2024-12-21T10:39:25.051Z] [debug] Done flushing all events and log entries.

[2024-12-21T10:39:25.830Z] Failed resolving one or more providers:
- kubernetes

[2024-12-21T10:39:25.832Z] 
See .garden/error.log for detailed error message
