
[2024-12-21T10:40:11.913Z] [debug] Registering session with the Garden dashboard for 255825ae-35a0-41b3-9e8b-e2300f2acd58 in remote/vote-demo-quickstart-hoid.

[2024-12-21T10:40:12.032Z] [debug] Successfully registered session with the Garden dashboard.

[2024-12-21T10:40:12.033Z] View command results at: https://app.garden.io/go/command/KJ1DjKiyta

[2024-12-21T10:40:12.041Z] Resolving providers...

[2024-12-21T10:40:12.237Z] Configuring provider...

[2024-12-21T10:40:12.238Z] [debug] Configuring provider...

[2024-12-21T10:40:12.239Z] [debug] Configuring provider...

[2024-12-21T10:40:12.244Z] Provider configured

[2024-12-21T10:40:12.245Z] [debug] Provider configured

[2024-12-21T10:40:12.245Z] [debug] Provider configured

[2024-12-21T10:40:12.254Z] Provider status cached

[2024-12-21T10:40:12.255Z] [verbose] resolve provider exec is ready.

[2024-12-21T10:40:12.256Z] [debug] Provider status cached

[2024-12-21T10:40:12.256Z] [verbose] resolve provider container is ready.

[2024-12-21T10:40:12.260Z] [debug] Provider status cached

[2024-12-21T10:40:12.260Z] [verbose] resolve provider templated is ready.

[2024-12-21T10:40:12.496Z] [debug] Done flushing all events and log entries.

[2024-12-21T10:40:13.289Z] Failed resolving one or more providers:
- kubernetes

[2024-12-21T10:40:13.291Z] 
See .garden/error.log for detailed error message
