
[2024-12-21T10:38:20.263Z] [debug] Registering session with the Garden dashboard for 255825ae-35a0-41b3-9e8b-e2300f2acd58 in remote/vote-demo-quickstart-hoid.

[2024-12-21T10:38:20.424Z] [debug] Successfully registered session with the Garden dashboard.

[2024-12-21T10:38:20.425Z] View command results at: https://app.garden.io/go/command/SG1kraPfWu

[2024-12-21T10:38:20.434Z] Resolving providers...

[2024-12-21T10:38:20.615Z] Configuring provider...

[2024-12-21T10:38:20.616Z] [debug] Configuring provider...

[2024-12-21T10:38:20.617Z] [debug] Configuring provider...

[2024-12-21T10:38:20.622Z] Provider configured

[2024-12-21T10:38:20.622Z] [debug] Provider configured

[2024-12-21T10:38:20.623Z] [debug] Provider configured

[2024-12-21T10:38:20.631Z] Provider ready

[2024-12-21T10:38:20.631Z] [debug] Provider ready

[2024-12-21T10:38:20.632Z] [debug] Provider ready

[2024-12-21T10:38:20.632Z] [verbose] resolve provider exec is ready.

[2024-12-21T10:38:20.633Z] [verbose] resolve provider templated is ready.

[2024-12-21T10:38:20.634Z] [verbose] resolve provider container is ready.

[2024-12-21T10:38:20.635Z] Configuring provider...

[2024-12-21T10:38:20.891Z] [debug] Done flushing all events and log entries.

[2024-12-21T10:38:21.682Z] Failed resolving one or more providers:
- kubernetes

[2024-12-21T10:38:21.685Z] 
See .garden/error.log for detailed error message
