
[2024-12-21T10:41:21.309Z] [debug] Registering session with the Garden dashboard for 255825ae-35a0-41b3-9e8b-e2300f2acd58 in remote/vote-demo-quickstart-hoid.

[2024-12-21T10:41:21.440Z] [debug] Successfully registered session with the Garden dashboard.

[2024-12-21T10:41:21.441Z] View command results at: https://app.garden.io/go/command/OxGgaZs4Er

[2024-12-21T10:41:21.448Z] Resolving providers...

[2024-12-21T10:41:21.637Z] Configuring provider...

[2024-12-21T10:41:21.638Z] [debug] Configuring provider...

[2024-12-21T10:41:21.639Z] [debug] Configuring provider...

[2024-12-21T10:41:21.644Z] Provider configured

[2024-12-21T10:41:21.644Z] [debug] Provider configured

[2024-12-21T10:41:21.645Z] [debug] Provider configured

[2024-12-21T10:41:21.653Z] [debug] Provider status cached

[2024-12-21T10:41:21.653Z] [verbose] resolve provider templated is ready.

[2024-12-21T10:41:21.654Z] [debug] Provider status cached

[2024-12-21T10:41:21.654Z] [verbose] resolve provider container is ready.

[2024-12-21T10:41:21.655Z] Configuring provider...

[2024-12-21T10:41:21.656Z] You are using a remote Kubernetes cluster and did not configure a 'deploymentRegistry' in the kubernetes provider section of the project configuration.

For guidance in setting up remote Kubernetes clusters please refer to https://docs.garden.io/kubernetes-plugins/remote-k8s

[2024-12-21T10:41:21.657Z] Provider configured

[2024-12-21T10:41:21.658Z] Provider status cached

[2024-12-21T10:41:21.658Z] [verbose] resolve provider exec is ready.

[2024-12-21T10:41:21.928Z] [debug] Done flushing all events and log entries.

[2024-12-21T10:41:22.722Z] Failed resolving one or more providers:
- kubernetes

[2024-12-21T10:41:22.724Z] 
See .garden/error.log for detailed error message
