
[2024-12-21T10:44:20.410Z] [debug] Registering session with the Garden dashboard for 255825ae-35a0-41b3-9e8b-e2300f2acd58 in remote/vote-demo-quickstart-hoid.

[2024-12-21T10:44:20.534Z] [debug] Successfully registered session with the Garden dashboard.

[2024-12-21T10:44:20.534Z] View command results at: https://app.garden.io/go/command/TcwOVjCoDR

[2024-12-21T10:44:20.538Z] Resolving providers...

[2024-12-21T10:44:20.711Z] Configuring provider...

[2024-12-21T10:44:20.712Z] [debug] Configuring provider...

[2024-12-21T10:44:20.712Z] [debug] Configuring provider...

[2024-12-21T10:44:20.719Z] Provider configured

[2024-12-21T10:44:20.719Z] [debug] Provider configured

[2024-12-21T10:44:20.720Z] [debug] Provider configured

[2024-12-21T10:44:20.729Z] Provider ready

[2024-12-21T10:44:20.730Z] [debug] Provider ready

[2024-12-21T10:44:20.730Z] [debug] Provider ready

[2024-12-21T10:44:20.731Z] [verbose] resolve provider templated is ready.

[2024-12-21T10:44:20.732Z] [verbose] resolve provider exec is ready.

[2024-12-21T10:44:20.732Z] [verbose] resolve provider container is ready.

[2024-12-21T10:44:20.733Z] Configuring provider...

[2024-12-21T10:44:20.735Z] You are using a remote Kubernetes cluster and did not configure a 'deploymentRegistry' in the kubernetes provider section of the project configuration.

For guidance in setting up remote Kubernetes clusters please refer to https://docs.garden.io/kubernetes-plugins/remote-k8s

[2024-12-21T10:44:20.736Z] Provider configured

[2024-12-21T10:44:20.835Z] [debug] Kubernetes: Getting API resource info for group networking.k8s.io/v1

[2024-12-21T10:44:20.902Z] Provider ready

[2024-12-21T10:44:20.903Z] [verbose] resolve provider kubernetes is ready.

[2024-12-21T10:44:20.905Z] Finished resolving providers (took 0.4 sec)

[2024-12-21T10:44:20.905Z] Resolving actions and modules...

[2024-12-21T10:44:20.909Z] [debug] Building graph from 3 action configs and 0 group configs

[2024-12-21T10:44:20.910Z] [debug] Retained 3 configs

[2024-12-21T10:44:20.936Z] [debug] Got 3 action configs without action filter

[2024-12-21T10:44:20.936Z] [debug] Finding minimal roots for 1 paths

[2024-12-21T10:44:20.945Z] [verbose] Scanning Deploy action db root at /home/hoid/Documents/garden.io-hello-world/postgres
  → Includes: (none)
  → Excludes: (none)

[2024-12-21T10:44:20.961Z] [verbose] Found 1 files in Deploy action db root /home/hoid/Documents/garden.io-hello-world/postgres (took 0.02 sec)

[2024-12-21T10:44:20.962Z] [debug] Found 1 files in path /home/hoid/Documents/garden.io-hello-world/postgres, filtering by 1 include and 0 exclude globs

[2024-12-21T10:44:20.962Z] [debug] Include globs: **/*

[2024-12-21T10:44:20.962Z] [debug] No exclude globs

[2024-12-21T10:44:20.963Z] [debug] Found 1 files in path /home/hoid/Documents/garden.io-hello-world/postgres after glob matching

[2024-12-21T10:44:20.965Z] Finished resolving graph (took 0.1 sec)

[2024-12-21T10:44:20.965Z] Finished initializing Garden (took 1.3 sec)


[2024-12-21T10:44:20.974Z] [debug] resolve Deploy type=helm name=db is ready.

[2024-12-21T10:44:20.975Z] Getting status for Deploy db (type helm) at version v-b4bbcc161f...

[2024-12-21T10:44:21.075Z] Status is missing, db will be deployed

[2024-12-21T10:44:21.077Z] Deploying db (type helm) at version v-b4bbcc161f...

[2024-12-21T10:44:25.703Z] [debug] Installing Helm release db

[2024-12-21T10:44:25.703Z] [kubernetes] Waiting for resources to be ready...

[2024-12-21T10:44:25.704Z] [verbose] [kubernetes] Waiting for resources to be ready...

[2024-12-21T10:44:27.704Z] [debug] Kubernetes: Getting API resource info for group v1

[2024-12-21T10:44:27.705Z] [debug] Kubernetes: Getting API resource info for group apps/v1

[2024-12-21T10:44:27.832Z] [debug] Status of Secret postgres is "missing"

[2024-12-21T10:44:27.832Z] [verbose] [kubernetes] Status of Secret postgres is "missing"

[2024-12-21T10:44:27.833Z] [debug] Status of Service postgres-hl is "missing"

[2024-12-21T10:44:27.833Z] [verbose] [kubernetes] Status of Service postgres-hl is "missing"

[2024-12-21T10:44:27.833Z] [debug] Status of Service postgres is "missing"

[2024-12-21T10:44:27.833Z] [verbose] [kubernetes] Status of Service postgres is "missing"

[2024-12-21T10:44:27.833Z] [debug] Status of StatefulSet postgres is "missing"

[2024-12-21T10:44:27.833Z] [verbose] [kubernetes] Status of StatefulSet postgres is "missing"

[2024-12-21T10:44:30.481Z] [debug] Status of Secret postgres is "ready"

[2024-12-21T10:44:30.481Z] [verbose] [kubernetes] Status of Secret postgres is "ready"

[2024-12-21T10:44:30.481Z] [debug] Status of Service postgres-hl is "missing"

[2024-12-21T10:44:30.481Z] [verbose] [kubernetes] Status of Service postgres-hl is "missing"

[2024-12-21T10:44:30.482Z] [debug] Status of Service postgres is "missing"

[2024-12-21T10:44:30.482Z] [verbose] [kubernetes] Status of Service postgres is "missing"

[2024-12-21T10:44:30.482Z] [debug] Status of StatefulSet postgres is "missing"

[2024-12-21T10:44:30.482Z] [verbose] [kubernetes] Status of StatefulSet postgres is "missing"

[2024-12-21T10:44:33.659Z] [debug] Status of Service postgres-hl is "ready"

[2024-12-21T10:44:33.660Z] [verbose] [kubernetes] Status of Service postgres-hl is "ready"

[2024-12-21T10:44:33.660Z] [debug] Status of Service postgres is "ready"

[2024-12-21T10:44:33.660Z] [verbose] [kubernetes] Status of Service postgres is "ready"

[2024-12-21T10:44:33.660Z] [debug] Status of StatefulSet postgres is "deploying"

[2024-12-21T10:44:33.660Z] [verbose] [kubernetes] Status of StatefulSet postgres is "deploying"

[2024-12-21T10:44:33.661Z] [kubernetes] StatefulSet/postgres: Pulling image "docker.io/bitnami/postgresql:15.3.0-debian-11-r24"

[2024-12-21T10:44:33.661Z] [verbose] [kubernetes] StatefulSet/postgres: Pulling image "docker.io/bitnami/postgresql:15.3.0-debian-11-r24"

[2024-12-21T10:44:37.652Z] [debug] Status of StatefulSet postgres is "deploying"

[2024-12-21T10:44:37.653Z] [verbose] [kubernetes] Status of StatefulSet postgres is "deploying"

[2024-12-21T10:44:41.847Z] [debug] Status of StatefulSet postgres is "deploying"

[2024-12-21T10:44:41.847Z] [verbose] [kubernetes] Status of StatefulSet postgres is "deploying"

[2024-12-21T10:44:46.542Z] [debug] Status of StatefulSet postgres is "deploying"

[2024-12-21T10:44:46.543Z] [verbose] [kubernetes] Status of StatefulSet postgres is "deploying"

[2024-12-21T10:44:51.683Z] [debug] Status of StatefulSet postgres is "deploying"

[2024-12-21T10:44:51.683Z] [verbose] [kubernetes] Status of StatefulSet postgres is "deploying"

[2024-12-21T10:44:57.342Z] [debug] Status of StatefulSet postgres is "deploying"

[2024-12-21T10:44:57.343Z] [verbose] [kubernetes] Status of StatefulSet postgres is "deploying"

[2024-12-21T10:44:57.343Z] [kubernetes] StatefulSet/postgres: Started container postgresql

[2024-12-21T10:44:57.343Z] [verbose] [kubernetes] StatefulSet/postgres: Started container postgresql

[2024-12-21T10:45:03.488Z] [debug] Status of StatefulSet postgres is "deploying"

[2024-12-21T10:45:03.488Z] [verbose] [kubernetes] Status of StatefulSet postgres is "deploying"

[2024-12-21T10:45:10.148Z] [debug] Status of StatefulSet postgres is "deploying"

[2024-12-21T10:45:10.148Z] [verbose] [kubernetes] Status of StatefulSet postgres is "deploying"

[2024-12-21T10:45:17.326Z] [debug] Status of StatefulSet postgres is "deploying"

[2024-12-21T10:45:17.326Z] [verbose] [kubernetes] Status of StatefulSet postgres is "deploying"

[2024-12-21T10:45:22.810Z] [verbose] [helm] NAME: db

[2024-12-21T10:45:22.810Z] [verbose] [helm] LAST DEPLOYED: Sat Dec 21 11:44:29 2024

[2024-12-21T10:45:22.810Z] [verbose] [helm] NAMESPACE: default

[2024-12-21T10:45:22.810Z] [verbose] [helm] STATUS: deployed

[2024-12-21T10:45:22.810Z] [verbose] [helm] REVISION: 1

[2024-12-21T10:45:22.810Z] [verbose] [helm] TEST SUITE: None

[2024-12-21T10:45:22.811Z] [verbose] [helm] NOTES:

[2024-12-21T10:45:22.811Z] [verbose] [helm] CHART NAME: postgresql

[2024-12-21T10:45:22.811Z] [verbose] [helm] CHART VERSION: 12.6.6

[2024-12-21T10:45:22.811Z] [verbose] [helm] APP VERSION: 15.3.0

[2024-12-21T10:45:22.811Z] [verbose] [helm] 

[2024-12-21T10:45:22.811Z] [verbose] [helm] ** Please be patient while the chart is being deployed **

[2024-12-21T10:45:22.811Z] [verbose] [helm] 

[2024-12-21T10:45:22.811Z] [verbose] [helm] PostgreSQL can be accessed via port 5432 on the following DNS names from within your cluster:

[2024-12-21T10:45:22.811Z] [verbose] [helm] 

[2024-12-21T10:45:22.812Z] [verbose] [helm]     postgres.default.svc.cluster.local - Read/Write connection

[2024-12-21T10:45:22.812Z] [verbose] [helm] 

[2024-12-21T10:45:22.812Z] [verbose] [helm] To get the password for "postgres" run:

[2024-12-21T10:45:22.812Z] [verbose] [helm] 

[2024-12-21T10:45:22.812Z] [verbose] [helm]     export POSTGRES_PASSWORD=$(kubectl get secret --namespace default postgres -o jsonpath="{.data.postgres-password}" | base64 -d)

[2024-12-21T10:45:22.813Z] [verbose] [helm] 

[2024-12-21T10:45:22.813Z] [verbose] [helm] To connect to your database run the following command:

[2024-12-21T10:45:22.813Z] [verbose] [helm] 

[2024-12-21T10:45:22.813Z] [verbose] [helm]     kubectl run postgres-client --rm --tty -i --restart='Never' --namespace default --image docker.io/bitnami/postgresql:15.3.0-debian-11-r24 --env="PGPASSWORD=$POSTGRES_PASSWORD" \

[2024-12-21T10:45:22.813Z] [verbose] [helm]       --command -- psql --host postgres -U postgres -d postgres -p 5432

[2024-12-21T10:45:22.813Z] [verbose] [helm] 

[2024-12-21T10:45:22.813Z] [verbose] [helm]     > NOTE: If you access the container using bash, make sure that you execute "/opt/bitnami/scripts/postgresql/entrypoint.sh /bin/bash" in order to avoid the error "psql: local user with ID 1001} does not exist"

[2024-12-21T10:45:22.813Z] [verbose] [helm] 

[2024-12-21T10:45:22.813Z] [verbose] [helm] To connect to your database from outside the cluster execute the following commands:

[2024-12-21T10:45:22.813Z] [verbose] [helm] 

[2024-12-21T10:45:22.814Z] [verbose] [helm]     kubectl port-forward --namespace default svc/postgres 5432:5432 &

[2024-12-21T10:45:22.814Z] [verbose] [helm]     PGPASSWORD="$POSTGRES_PASSWORD" psql --host 127.0.0.1 -U postgres -d postgres -p 5432

[2024-12-21T10:45:22.814Z] [verbose] [helm] 

[2024-12-21T10:45:22.814Z] [verbose] [helm] WARNING: The configured password will be ignored on new installation in case when previous PostgreSQL release was deleted through the helm command. In that case, old PVC will have an old password, and setting it through helm won't take effect. Deleting persistent volumes (PVs) will solve the issue.

[2024-12-21T10:45:22.899Z] [verbose] [helm] ---

[2024-12-21T10:45:22.899Z] [verbose] [helm] # Source: postgresql/templates/secrets.yaml

[2024-12-21T10:45:22.899Z] [verbose] [helm] apiVersion: v1

[2024-12-21T10:45:22.899Z] [verbose] [helm] kind: Secret

[2024-12-21T10:45:22.899Z] [verbose] [helm] metadata:

[2024-12-21T10:45:22.900Z] [verbose] [helm]   name: postgres

[2024-12-21T10:45:22.900Z] [verbose] [helm]   namespace: "default"

[2024-12-21T10:45:22.900Z] [verbose] [helm]   labels:

[2024-12-21T10:45:22.900Z] [verbose] [helm]     app.kubernetes.io/name: postgresql

[2024-12-21T10:45:22.900Z] [verbose] [helm]     helm.sh/chart: postgresql-12.6.6

[2024-12-21T10:45:22.900Z] [verbose] [helm]     app.kubernetes.io/instance: db

[2024-12-21T10:45:22.901Z] [verbose] [helm]     app.kubernetes.io/managed-by: Helm

[2024-12-21T10:45:22.901Z] [verbose] [helm] type: Opaque

[2024-12-21T10:45:22.901Z] [verbose] [helm] data:

[2024-12-21T10:45:22.901Z] [verbose] [helm]   postgres-password: "cG9zdGdyZXM="

[2024-12-21T10:45:22.901Z] [verbose] [helm]   # We don't auto-generate LDAP password when it's not provided as we do for other passwords

[2024-12-21T10:45:22.902Z] [verbose] [helm] ---

[2024-12-21T10:45:22.902Z] [verbose] [helm] # Source: postgresql/templates/primary/svc-headless.yaml

[2024-12-21T10:45:22.902Z] [verbose] [helm] apiVersion: v1

[2024-12-21T10:45:22.902Z] [verbose] [helm] kind: Service

[2024-12-21T10:45:22.902Z] [verbose] [helm] metadata:

[2024-12-21T10:45:22.903Z] [verbose] [helm]   name: postgres-hl

[2024-12-21T10:45:22.903Z] [verbose] [helm]   namespace: "default"

[2024-12-21T10:45:22.903Z] [verbose] [helm]   labels:

[2024-12-21T10:45:22.904Z] [verbose] [helm]     app.kubernetes.io/name: postgresql

[2024-12-21T10:45:22.904Z] [verbose] [helm]     helm.sh/chart: postgresql-12.6.6

[2024-12-21T10:45:22.904Z] [verbose] [helm]     app.kubernetes.io/instance: db

[2024-12-21T10:45:22.904Z] [verbose] [helm]     app.kubernetes.io/managed-by: Helm

[2024-12-21T10:45:22.904Z] [verbose] [helm]     app.kubernetes.io/component: primary

[2024-12-21T10:45:22.904Z] [verbose] [helm]     # Use this annotation in addition to the actual publishNotReadyAddresses

[2024-12-21T10:45:22.904Z] [verbose] [helm]     # field below because the annotation will stop being respected soon but the

[2024-12-21T10:45:22.905Z] [verbose] [helm]     # field is broken in some versions of Kubernetes:

[2024-12-21T10:45:22.905Z] [verbose] [helm]     # https://github.com/kubernetes/kubernetes/issues/58662

[2024-12-21T10:45:22.905Z] [verbose] [helm]     service.alpha.kubernetes.io/tolerate-unready-endpoints: "true"

[2024-12-21T10:45:22.905Z] [verbose] [helm] spec:

[2024-12-21T10:45:22.905Z] [verbose] [helm]   type: ClusterIP

[2024-12-21T10:45:22.905Z] [verbose] [helm]   clusterIP: None

[2024-12-21T10:45:22.905Z] [verbose] [helm]   # We want all pods in the StatefulSet to have their addresses published for

[2024-12-21T10:45:22.906Z] [verbose] [helm]   # the sake of the other Postgresql pods even before they're ready, since they

[2024-12-21T10:45:22.906Z] [verbose] [helm]   # have to be able to talk to each other in order to become ready.

[2024-12-21T10:45:22.906Z] [verbose] [helm]   publishNotReadyAddresses: true

[2024-12-21T10:45:22.906Z] [verbose] [helm]   ports:

[2024-12-21T10:45:22.906Z] [verbose] [helm]     - name: tcp-postgresql

[2024-12-21T10:45:22.906Z] [verbose] [helm]       port: 5432

[2024-12-21T10:45:22.906Z] [verbose] [helm]       targetPort: tcp-postgresql

[2024-12-21T10:45:22.907Z] [verbose] [helm]   selector:

[2024-12-21T10:45:22.907Z] [verbose] [helm]     app.kubernetes.io/name: postgresql

[2024-12-21T10:45:22.907Z] [verbose] [helm]     app.kubernetes.io/instance: db

[2024-12-21T10:45:22.907Z] [verbose] [helm]     app.kubernetes.io/component: primary

[2024-12-21T10:45:22.907Z] [verbose] [helm] ---

[2024-12-21T10:45:22.907Z] [verbose] [helm] # Source: postgresql/templates/primary/svc.yaml

[2024-12-21T10:45:22.908Z] [verbose] [helm] apiVersion: v1

[2024-12-21T10:45:22.908Z] [verbose] [helm] kind: Service

[2024-12-21T10:45:22.908Z] [verbose] [helm] metadata:

[2024-12-21T10:45:22.908Z] [verbose] [helm]   name: postgres

[2024-12-21T10:45:22.908Z] [verbose] [helm]   namespace: "default"

[2024-12-21T10:45:22.908Z] [verbose] [helm]   labels:

[2024-12-21T10:45:22.909Z] [verbose] [helm]     app.kubernetes.io/name: postgresql

[2024-12-21T10:45:22.909Z] [verbose] [helm]     helm.sh/chart: postgresql-12.6.6

[2024-12-21T10:45:22.909Z] [verbose] [helm]     app.kubernetes.io/instance: db

[2024-12-21T10:45:22.909Z] [verbose] [helm]     app.kubernetes.io/managed-by: Helm

[2024-12-21T10:45:22.909Z] [verbose] [helm]     app.kubernetes.io/component: primary

[2024-12-21T10:45:22.909Z] [verbose] [helm] spec:

[2024-12-21T10:45:22.909Z] [verbose] [helm]   type: ClusterIP

[2024-12-21T10:45:22.909Z] [verbose] [helm]   sessionAffinity: None

[2024-12-21T10:45:22.910Z] [verbose] [helm]   ports:

[2024-12-21T10:45:22.910Z] [verbose] [helm]     - name: tcp-postgresql

[2024-12-21T10:45:22.910Z] [verbose] [helm]       port: 5432

[2024-12-21T10:45:22.910Z] [verbose] [helm]       targetPort: tcp-postgresql

[2024-12-21T10:45:22.910Z] [verbose] [helm]       nodePort: null

[2024-12-21T10:45:22.910Z] [verbose] [helm]   selector:

[2024-12-21T10:45:22.910Z] [verbose] [helm]     app.kubernetes.io/name: postgresql

[2024-12-21T10:45:22.911Z] [verbose] [helm]     app.kubernetes.io/instance: db

[2024-12-21T10:45:22.911Z] [verbose] [helm]     app.kubernetes.io/component: primary

[2024-12-21T10:45:22.911Z] [verbose] [helm] ---

[2024-12-21T10:45:22.911Z] [verbose] [helm] # Source: postgresql/templates/primary/statefulset.yaml

[2024-12-21T10:45:22.912Z] [verbose] [helm] apiVersion: apps/v1

[2024-12-21T10:45:22.912Z] [verbose] [helm] kind: StatefulSet

[2024-12-21T10:45:22.912Z] [verbose] [helm] metadata:

[2024-12-21T10:45:22.912Z] [verbose] [helm]   name: postgres

[2024-12-21T10:45:22.912Z] [verbose] [helm]   namespace: "default"

[2024-12-21T10:45:22.912Z] [verbose] [helm]   labels:

[2024-12-21T10:45:22.912Z] [verbose] [helm]     app.kubernetes.io/name: postgresql

[2024-12-21T10:45:22.913Z] [verbose] [helm]     helm.sh/chart: postgresql-12.6.6

[2024-12-21T10:45:22.913Z] [verbose] [helm]     app.kubernetes.io/instance: db

[2024-12-21T10:45:22.913Z] [verbose] [helm]     app.kubernetes.io/managed-by: Helm

[2024-12-21T10:45:22.913Z] [verbose] [helm]     app.kubernetes.io/component: primary

[2024-12-21T10:45:22.913Z] [verbose] [helm] spec:

[2024-12-21T10:45:22.913Z] [verbose] [helm]   replicas: 1

[2024-12-21T10:45:22.913Z] [verbose] [helm]   serviceName: postgres-hl

[2024-12-21T10:45:22.914Z] [verbose] [helm]   updateStrategy:

[2024-12-21T10:45:22.914Z] [verbose] [helm]     rollingUpdate: {}

[2024-12-21T10:45:22.914Z] [verbose] [helm]     type: RollingUpdate

[2024-12-21T10:45:22.914Z] [verbose] [helm]   selector:

[2024-12-21T10:45:22.914Z] [verbose] [helm]     matchLabels:

[2024-12-21T10:45:22.914Z] [verbose] [helm]       app.kubernetes.io/name: postgresql

[2024-12-21T10:45:22.914Z] [verbose] [helm]       app.kubernetes.io/instance: db

[2024-12-21T10:45:22.914Z] [verbose] [helm]       app.kubernetes.io/component: primary

[2024-12-21T10:45:22.915Z] [verbose] [helm]   template:

[2024-12-21T10:45:22.915Z] [verbose] [helm]     metadata:

[2024-12-21T10:45:22.915Z] [verbose] [helm]       name: postgres

[2024-12-21T10:45:22.915Z] [verbose] [helm]       labels:

[2024-12-21T10:45:22.915Z] [verbose] [helm]         app.kubernetes.io/name: postgresql

[2024-12-21T10:45:22.915Z] [verbose] [helm]         helm.sh/chart: postgresql-12.6.6

[2024-12-21T10:45:22.915Z] [verbose] [helm]         app.kubernetes.io/instance: db

[2024-12-21T10:45:22.915Z] [verbose] [helm]         app.kubernetes.io/managed-by: Helm

[2024-12-21T10:45:22.916Z] [verbose] [helm]         app.kubernetes.io/component: primary

[2024-12-21T10:45:22.916Z] [verbose] [helm]     spec:

[2024-12-21T10:45:22.916Z] [verbose] [helm]       serviceAccountName: default

[2024-12-21T10:45:22.916Z] [verbose] [helm]       

[2024-12-21T10:45:22.916Z] [verbose] [helm]       affinity:

[2024-12-21T10:45:22.916Z] [verbose] [helm]         podAffinity:

[2024-12-21T10:45:22.916Z] [verbose] [helm]           

[2024-12-21T10:45:22.916Z] [verbose] [helm]         podAntiAffinity:

[2024-12-21T10:45:22.917Z] [verbose] [helm]           preferredDuringSchedulingIgnoredDuringExecution:

[2024-12-21T10:45:22.917Z] [verbose] [helm]             - podAffinityTerm:

[2024-12-21T10:45:22.917Z] [verbose] [helm]                 labelSelector:

[2024-12-21T10:45:22.917Z] [verbose] [helm]                   matchLabels:

[2024-12-21T10:45:22.917Z] [verbose] [helm]                     app.kubernetes.io/name: postgresql

[2024-12-21T10:45:22.917Z] [verbose] [helm]                     app.kubernetes.io/instance: db

[2024-12-21T10:45:22.917Z] [verbose] [helm]                     app.kubernetes.io/component: primary

[2024-12-21T10:45:22.917Z] [verbose] [helm]                 topologyKey: kubernetes.io/hostname

[2024-12-21T10:45:22.918Z] [verbose] [helm]               weight: 1

[2024-12-21T10:45:22.918Z] [verbose] [helm]         nodeAffinity:

[2024-12-21T10:45:22.918Z] [verbose] [helm]           

[2024-12-21T10:45:22.918Z] [verbose] [helm]       securityContext:

[2024-12-21T10:45:22.918Z] [verbose] [helm]         fsGroup: 1001

[2024-12-21T10:45:22.918Z] [verbose] [helm]       hostNetwork: false

[2024-12-21T10:45:22.918Z] [verbose] [helm]       hostIPC: false

[2024-12-21T10:45:22.918Z] [verbose] [helm]       containers:

[2024-12-21T10:45:22.919Z] [verbose] [helm]         - name: postgresql

[2024-12-21T10:45:22.919Z] [verbose] [helm]           image: docker.io/bitnami/postgresql:15.3.0-debian-11-r24

[2024-12-21T10:45:22.919Z] [verbose] [helm]           imagePullPolicy: "IfNotPresent"

[2024-12-21T10:45:22.920Z] [verbose] [helm]           securityContext:

[2024-12-21T10:45:22.920Z] [verbose] [helm]             runAsUser: 1001

[2024-12-21T10:45:22.920Z] [verbose] [helm]           env:

[2024-12-21T10:45:22.920Z] [verbose] [helm]             - name: BITNAMI_DEBUG

[2024-12-21T10:45:22.920Z] [verbose] [helm]               value: "false"

[2024-12-21T10:45:22.920Z] [verbose] [helm]             - name: POSTGRESQL_PORT_NUMBER

[2024-12-21T10:45:22.921Z] [verbose] [helm]               value: "5432"

[2024-12-21T10:45:22.921Z] [verbose] [helm]             - name: POSTGRESQL_VOLUME_DIR

[2024-12-21T10:45:22.921Z] [verbose] [helm]               value: "/bitnami/postgresql"

[2024-12-21T10:45:22.921Z] [verbose] [helm]             - name: PGDATA

[2024-12-21T10:45:22.921Z] [verbose] [helm]               value: "/bitnami/postgresql/data"

[2024-12-21T10:45:22.921Z] [verbose] [helm]             # Authentication

[2024-12-21T10:45:22.921Z] [verbose] [helm]             - name: POSTGRES_PASSWORD

[2024-12-21T10:45:22.921Z] [verbose] [helm]               value: postgres

[2024-12-21T10:45:22.922Z] [verbose] [helm]             - name: POSTGRES_DATABASE

[2024-12-21T10:45:22.922Z] [verbose] [helm]               value: "postgres"

[2024-12-21T10:45:22.922Z] [verbose] [helm]             # Replication

[2024-12-21T10:45:22.922Z] [verbose] [helm]             # Initdb

[2024-12-21T10:45:22.922Z] [verbose] [helm]             # Standby

[2024-12-21T10:45:22.922Z] [verbose] [helm]             # LDAP

[2024-12-21T10:45:22.922Z] [verbose] [helm]             - name: POSTGRESQL_ENABLE_LDAP

[2024-12-21T10:45:22.922Z] [verbose] [helm]               value: "no"

[2024-12-21T10:45:22.923Z] [verbose] [helm]             # TLS

[2024-12-21T10:45:22.923Z] [verbose] [helm]             - name: POSTGRESQL_ENABLE_TLS

[2024-12-21T10:45:22.923Z] [verbose] [helm]               value: "no"

[2024-12-21T10:45:22.923Z] [verbose] [helm]             # Audit

[2024-12-21T10:45:22.923Z] [verbose] [helm]             - name: POSTGRESQL_LOG_HOSTNAME

[2024-12-21T10:45:22.923Z] [verbose] [helm]               value: "false"

[2024-12-21T10:45:22.923Z] [verbose] [helm]             - name: POSTGRESQL_LOG_CONNECTIONS

[2024-12-21T10:45:22.923Z] [verbose] [helm]               value: "false"

[2024-12-21T10:45:22.924Z] [verbose] [helm]             - name: POSTGRESQL_LOG_DISCONNECTIONS

[2024-12-21T10:45:22.924Z] [verbose] [helm]               value: "false"

[2024-12-21T10:45:22.924Z] [verbose] [helm]             - name: POSTGRESQL_PGAUDIT_LOG_CATALOG

[2024-12-21T10:45:22.924Z] [verbose] [helm]               value: "off"

[2024-12-21T10:45:22.924Z] [verbose] [helm]             # Others

[2024-12-21T10:45:22.924Z] [verbose] [helm]             - name: POSTGRESQL_CLIENT_MIN_MESSAGES

[2024-12-21T10:45:22.924Z] [verbose] [helm]               value: "error"

[2024-12-21T10:45:22.924Z] [verbose] [helm]             - name: POSTGRESQL_SHARED_PRELOAD_LIBRARIES

[2024-12-21T10:45:22.925Z] [verbose] [helm]               value: "pgaudit"

[2024-12-21T10:45:22.925Z] [verbose] [helm]           ports:

[2024-12-21T10:45:22.925Z] [verbose] [helm]             - name: tcp-postgresql

[2024-12-21T10:45:22.925Z] [verbose] [helm]               containerPort: 5432

[2024-12-21T10:45:22.925Z] [verbose] [helm]           livenessProbe:

[2024-12-21T10:45:22.925Z] [verbose] [helm]             failureThreshold: 6

[2024-12-21T10:45:22.925Z] [verbose] [helm]             initialDelaySeconds: 30

[2024-12-21T10:45:22.925Z] [verbose] [helm]             periodSeconds: 10

[2024-12-21T10:45:22.926Z] [verbose] [helm]             successThreshold: 1

[2024-12-21T10:45:22.926Z] [verbose] [helm]             timeoutSeconds: 5

[2024-12-21T10:45:22.926Z] [verbose] [helm]             exec:

[2024-12-21T10:45:22.926Z] [verbose] [helm]               command:

[2024-12-21T10:45:22.926Z] [verbose] [helm]                 - /bin/sh

[2024-12-21T10:45:22.926Z] [verbose] [helm]                 - -c

[2024-12-21T10:45:22.926Z] [verbose] [helm]                 - exec pg_isready -U "postgres" -d "dbname=postgres" -h 127.0.0.1 -p 5432

[2024-12-21T10:45:22.926Z] [verbose] [helm]           readinessProbe:

[2024-12-21T10:45:22.927Z] [verbose] [helm]             failureThreshold: 6

[2024-12-21T10:45:22.927Z] [verbose] [helm]             initialDelaySeconds: 5

[2024-12-21T10:45:22.927Z] [verbose] [helm]             periodSeconds: 10

[2024-12-21T10:45:22.928Z] [verbose] [helm]             successThreshold: 3

[2024-12-21T10:45:22.928Z] [verbose] [helm]             timeoutSeconds: 5

[2024-12-21T10:45:22.928Z] [verbose] [helm]             exec:

[2024-12-21T10:45:22.928Z] [verbose] [helm]               command:

[2024-12-21T10:45:22.928Z] [verbose] [helm]                 - /bin/sh

[2024-12-21T10:45:22.928Z] [verbose] [helm]                 - -c

[2024-12-21T10:45:22.928Z] [verbose] [helm]                 - -e

[2024-12-21T10:45:22.929Z] [verbose] [helm]                 - |

[2024-12-21T10:45:22.929Z] [verbose] [helm]                   exec pg_isready -U "postgres" -d "dbname=postgres" -h 127.0.0.1 -p 5432

[2024-12-21T10:45:22.929Z] [verbose] [helm]                   [ -f /opt/bitnami/postgresql/tmp/.initialized ] || [ -f /bitnami/postgresql/.initialized ]

[2024-12-21T10:45:22.929Z] [verbose] [helm]           resources:

[2024-12-21T10:45:22.929Z] [verbose] [helm]             limits: {}

[2024-12-21T10:45:22.929Z] [verbose] [helm]             requests:

[2024-12-21T10:45:22.929Z] [verbose] [helm]               cpu: 250m

[2024-12-21T10:45:22.930Z] [verbose] [helm]               memory: 256Mi

[2024-12-21T10:45:22.930Z] [verbose] [helm]           volumeMounts:

[2024-12-21T10:45:22.930Z] [verbose] [helm]             - name: dshm

[2024-12-21T10:45:22.930Z] [verbose] [helm]               mountPath: /dev/shm

[2024-12-21T10:45:22.930Z] [verbose] [helm]       volumes:

[2024-12-21T10:45:22.930Z] [verbose] [helm]         - name: dshm

[2024-12-21T10:45:22.930Z] [verbose] [helm]           emptyDir:

[2024-12-21T10:45:22.931Z] [verbose] [helm]             medium: Memory

[2024-12-21T10:45:22.931Z] [verbose] [helm]         - name: data

[2024-12-21T10:45:22.931Z] [verbose] [helm]           emptyDir: {}

[2024-12-21T10:45:22.931Z] [verbose] [helm] 

[2024-12-21T10:45:23.077Z] Done (took 62 sec)

[2024-12-21T10:45:23.078Z] [verbose] Deploy type=helm name=db is ready.

[2024-12-21T10:45:23.130Z] Done! 

[2024-12-21T10:45:23.731Z] [debug] Done flushing all events and log entries.

[2024-12-21T10:45:23.782Z] 
View command results at: 

https://app.garden.io/go/command/TcwOVjCoDR 


[2024-12-21T10:45:23.782Z] [debug] Watcher: Initializing

[2024-12-21T10:45:23.782Z] [debug] Watcher: Starting FSWatcher
